This file contains any messages produced by compilers while
running configure, to aid debugging if configure makes a mistake.

It was created by MPFR configure 3.0.0, which was
generated by GNU Autoconf 2.63.  Invocation command line was

  $ ./configure --prefix=/home/shijia/Public/FpDebug-valgrind_3.12/mpfr/mpfr-3.0.0/install -with-gmp=/home/shijia/Public/FpDebug-valgrind_3.12/gmp/gmp-5.0.1/install --no-create --no-recursion

## --------- ##
## Platform. ##
## --------- ##

hostname = node04
uname -m = x86_64
uname -r = 2.6.32-754.6.3.el6.x86_64
uname -s = Linux
uname -v = #1 SMP Tue Oct 9 17:27:49 UTC 2018

/usr/bin/uname -p = unknown
/bin/uname -X     = unknown

/bin/arch              = x86_64
/usr/bin/arch -k       = unknown
/usr/convex/getsysinfo = unknown
/usr/bin/hostinfo      = unknown
/bin/machine           = unknown
/usr/bin/oslevel       = unknown
/bin/universe          = unknown

PATH: /sbin
PATH: /bin
PATH: /usr/sbin
PATH: /usr/bin
PATH: /home/shijia/Public/FpDebug-valgrind_3.12/valgrind/install/bin


## ----------- ##
## Core tests. ##
## ----------- ##

configure:2147: checking for a BSD-compatible install
configure:2215: result: /usr/bin/install -c
configure:2226: checking whether build environment is sane
configure:2286: result: yes
configure:2427: checking for a thread-safe mkdir -p
configure:2466: result: /bin/mkdir -p
configure:2479: checking for gawk
configure:2495: found /bin/gawk
configure:2506: result: gawk
configure:2517: checking whether make sets $(MAKE)
configure:2539: result: yes
configure:2613: checking whether to disable maintainer-specific portions of Makefiles
configure:2622: result: yes
configure:2647: checking build system type
configure:2665: result: x86_64-unknown-linux-gnu
configure:2687: checking host system type
configure:2702: result: x86_64-unknown-linux-gnu
configure:2894: checking for grep that handles long lines and -e
configure:2954: result: /bin/grep
configure:2959: checking for egrep
configure:3023: result: /bin/grep -E
configure:3028: checking for a sed that does not truncate output
configure:3094: result: /bin/sed
configure:3104: checking for CC and CFLAGS in gmp.h
configure:3131: result: yes CC=gcc -std=gnu99 CFLAGS=-O2 -pedantic -fno-stack-protector -m64 -mtune=k8 -march=k8
configure:3137: checking for CC=gcc -std=gnu99 and CFLAGS=-O2 -pedantic -fno-stack-protector -m64 -mtune=k8 -march=k8
configure:3141: result: yes
configure:3203: checking for gcc
configure:3230: result: gcc -std=gnu99
configure:3462: checking for C compiler version
configure:3470: gcc -std=gnu99 --version >&5
gcc (GCC) 4.4.7 20120313 (Red Hat 4.4.7-23)
Copyright (C) 2010 Free Software Foundation, Inc.
This is free software; see the source for copying conditions.  There is NO
warranty; not even for MERCHANTABILITY or FITNESS FOR A PARTICULAR PURPOSE.

configure:3474: $? = 0
configure:3481: gcc -std=gnu99 -v >&5
Using built-in specs.
Target: x86_64-redhat-linux
Configured with: ../configure --prefix=/usr --mandir=/usr/share/man --infodir=/usr/share/info --with-bugurl=http://bugzilla.redhat.com/bugzilla --enable-bootstrap --enable-shared --enable-threads=posix --enable-checking=release --with-system-zlib --enable-__cxa_atexit --disable-libunwind-exceptions --enable-gnu-unique-object --enable-languages=c,c++,objc,obj-c++,java,fortran,ada --enable-java-awt=gtk --disable-dssi --with-java-home=/usr/lib/jvm/java-1.5.0-gcj-1.5.0.0/jre --enable-libgcj-multifile --enable-java-maintainer-mode --with-ecj-jar=/usr/share/java/eclipse-ecj.jar --disable-libjava-multilib --with-ppl --with-cloog --with-tune=generic --with-arch_32=i686 --build=x86_64-redhat-linux
Thread model: posix
gcc version 4.4.7 20120313 (Red Hat 4.4.7-23) (GCC) 
configure:3485: $? = 0
configure:3492: gcc -std=gnu99 -V >&5
gcc: '-V' must come at the start of the command line
configure:3496: $? = 1
configure:3519: checking for C compiler default output file name
configure:3541: gcc -std=gnu99 -O2 -pedantic -fno-stack-protector -m64 -mtune=k8 -march=k8  -I/home/shijia/Public/FpDebug-valgrind_3.12/gmp/gmp-5.0.1/install/include  -L/home/shijia/Public/FpDebug-valgrind_3.12/gmp/gmp-5.0.1/install/lib conftest.c  >&5
configure:3545: $? = 0
configure:3583: result: a.out
configure:3602: checking whether the C compiler works
configure:3612: ./a.out
configure:3616: $? = 0
configure:3635: result: yes
configure:3642: checking whether we are cross compiling
configure:3644: result: no
configure:3647: checking for suffix of executables
configure:3654: gcc -std=gnu99 -o conftest -O2 -pedantic -fno-stack-protector -m64 -mtune=k8 -march=k8  -I/home/shijia/Public/FpDebug-valgrind_3.12/gmp/gmp-5.0.1/install/include  -L/home/shijia/Public/FpDebug-valgrind_3.12/gmp/gmp-5.0.1/install/lib conftest.c  >&5
configure:3658: $? = 0
configure:3684: result: 
configure:3690: checking for suffix of object files
configure:3716: gcc -std=gnu99 -c -O2 -pedantic -fno-stack-protector -m64 -mtune=k8 -march=k8  -I/home/shijia/Public/FpDebug-valgrind_3.12/gmp/gmp-5.0.1/install/include conftest.c >&5
configure:3720: $? = 0
configure:3745: result: o
configure:3749: checking whether we are using the GNU C compiler
configure:3778: gcc -std=gnu99 -c -O2 -pedantic -fno-stack-protector -m64 -mtune=k8 -march=k8  -I/home/shijia/Public/FpDebug-valgrind_3.12/gmp/gmp-5.0.1/install/include conftest.c >&5
configure:3785: $? = 0
configure:3802: result: yes
configure:3811: checking whether gcc -std=gnu99 accepts -g
configure:3841: gcc -std=gnu99 -c -g  -I/home/shijia/Public/FpDebug-valgrind_3.12/gmp/gmp-5.0.1/install/include conftest.c >&5
configure:3848: $? = 0
configure:3949: result: yes
configure:3966: checking for gcc -std=gnu99 option to accept ISO C89
configure:4040: gcc -std=gnu99  -c -O2 -pedantic -fno-stack-protector -m64 -mtune=k8 -march=k8  -I/home/shijia/Public/FpDebug-valgrind_3.12/gmp/gmp-5.0.1/install/include conftest.c >&5
configure:4047: $? = 0
configure:4070: result: none needed
configure:4099: checking for style of include used by make
configure:4127: result: GNU
configure:4152: checking dependency style of gcc -std=gnu99
configure:4262: result: gcc3
configure:4282: checking how to run the C preprocessor
configure:4322: gcc -std=gnu99 -E  -I/home/shijia/Public/FpDebug-valgrind_3.12/gmp/gmp-5.0.1/install/include conftest.c
configure:4329: $? = 0
configure:4360: gcc -std=gnu99 -E  -I/home/shijia/Public/FpDebug-valgrind_3.12/gmp/gmp-5.0.1/install/include conftest.c
conftest.c:8:28: error: ac_nonexistent.h: No such file or directory
configure:4367: $? = 1
configure: failed program was:
| /* confdefs.h.  */
| #define PACKAGE_NAME "MPFR"
| #define PACKAGE_TARNAME "mpfr"
| #define PACKAGE_VERSION "3.0.0"
| #define PACKAGE_STRING "MPFR 3.0.0"
| #define PACKAGE_BUGREPORT ""
| /* end confdefs.h.  */
| #include <ac_nonexistent.h>
configure:4400: result: gcc -std=gnu99 -E
configure:4429: gcc -std=gnu99 -E  -I/home/shijia/Public/FpDebug-valgrind_3.12/gmp/gmp-5.0.1/install/include conftest.c
configure:4436: $? = 0
configure:4467: gcc -std=gnu99 -E  -I/home/shijia/Public/FpDebug-valgrind_3.12/gmp/gmp-5.0.1/install/include conftest.c
conftest.c:8:28: error: ac_nonexistent.h: No such file or directory
configure:4474: $? = 1
configure: failed program was:
| /* confdefs.h.  */
| #define PACKAGE_NAME "MPFR"
| #define PACKAGE_TARNAME "mpfr"
| #define PACKAGE_VERSION "3.0.0"
| #define PACKAGE_STRING "MPFR 3.0.0"
| #define PACKAGE_BUGREPORT ""
| /* end confdefs.h.  */
| #include <ac_nonexistent.h>
configure:4723: checking for ICC
configure:4751: gcc -std=gnu99 -c -O2 -pedantic -fno-stack-protector -m64 -mtune=k8 -march=k8  -I/home/shijia/Public/FpDebug-valgrind_3.12/gmp/gmp-5.0.1/install/include conftest.c >&5
conftest.c:10:3: error: #error "ICC Not Found"
conftest.c:14: error: expected '=', ',', ';', 'asm' or '__attribute__' before 'int'
configure:4758: $? = 1
configure: failed program was:
| /* confdefs.h.  */
| #define PACKAGE_NAME "MPFR"
| #define PACKAGE_TARNAME "mpfr"
| #define PACKAGE_VERSION "3.0.0"
| #define PACKAGE_STRING "MPFR 3.0.0"
| #define PACKAGE_BUGREPORT ""
| /* end confdefs.h.  */
| 
| #if !defined(__ICC)
| # error "ICC Not Found"
| error
| #endif
| 
| int
| main ()
| {
| 
|   ;
|   return 0;
| }
configure:4772: result: no
configure:4786: checking whether gcc -std=gnu99 and cc understand -c and -o together
configure:4821: gcc -std=gnu99 -c conftest.c -o conftest2.o >&5
configure:4825: $? = 0
configure:4831: gcc -std=gnu99 -c conftest.c -o conftest2.o >&5
configure:4835: $? = 0
configure:4846: cc -c conftest.c >&5
configure:4850: $? = 0
configure:4858: cc -c conftest.c -o conftest2.o >&5
configure:4862: $? = 0
configure:4868: cc -c conftest.c -o conftest2.o >&5
configure:4872: $? = 0
configure:4890: result: yes
configure:4917: checking for function prototypes
configure:4920: result: yes
configure:4938: checking for ANSI C header files
configure:4968: gcc -std=gnu99 -c -Wall -Wmissing-prototypes -Wpointer-arith -O2 -pedantic -fno-stack-protector -m64 -mtune=k8 -march=k8  -I/home/shijia/Public/FpDebug-valgrind_3.12/gmp/gmp-5.0.1/install/include conftest.c >&5
configure:4975: $? = 0
configure:5074: gcc -std=gnu99 -o conftest -Wall -Wmissing-prototypes -Wpointer-arith -O2 -pedantic -fno-stack-protector -m64 -mtune=k8 -march=k8  -I/home/shijia/Public/FpDebug-valgrind_3.12/gmp/gmp-5.0.1/install/include  -L/home/shijia/Public/FpDebug-valgrind_3.12/gmp/gmp-5.0.1/install/lib conftest.c  >&5
configure:5078: $? = 0
configure:5084: ./conftest
configure:5088: $? = 0
configure:5106: result: yes
configure:5130: checking for sys/types.h
configure:5151: gcc -std=gnu99 -c -Wall -Wmissing-prototypes -Wpointer-arith -O2 -pedantic -fno-stack-protector -m64 -mtune=k8 -march=k8  -I/home/shijia/Public/FpDebug-valgrind_3.12/gmp/gmp-5.0.1/install/include conftest.c >&5
configure:5158: $? = 0
configure:5175: result: yes
configure:5130: checking for sys/stat.h
configure:5151: gcc -std=gnu99 -c -Wall -Wmissing-prototypes -Wpointer-arith -O2 -pedantic -fno-stack-protector -m64 -mtune=k8 -march=k8  -I/home/shijia/Public/FpDebug-valgrind_3.12/gmp/gmp-5.0.1/install/include conftest.c >&5
configure:5158: $? = 0
configure:5175: result: yes
configure:5130: checking for stdlib.h
configure:5151: gcc -std=gnu99 -c -Wall -Wmissing-prototypes -Wpointer-arith -O2 -pedantic -fno-stack-protector -m64 -mtune=k8 -march=k8  -I/home/shijia/Public/FpDebug-valgrind_3.12/gmp/gmp-5.0.1/install/include conftest.c >&5
configure:5158: $? = 0
configure:5175: result: yes
configure:5130: checking for string.h
configure:5151: gcc -std=gnu99 -c -Wall -Wmissing-prototypes -Wpointer-arith -O2 -pedantic -fno-stack-protector -m64 -mtune=k8 -march=k8  -I/home/shijia/Public/FpDebug-valgrind_3.12/gmp/gmp-5.0.1/install/include conftest.c >&5
configure:5158: $? = 0
configure:5175: result: yes
configure:5130: checking for memory.h
configure:5151: gcc -std=gnu99 -c -Wall -Wmissing-prototypes -Wpointer-arith -O2 -pedantic -fno-stack-protector -m64 -mtune=k8 -march=k8  -I/home/shijia/Public/FpDebug-valgrind_3.12/gmp/gmp-5.0.1/install/include conftest.c >&5
configure:5158: $? = 0
configure:5175: result: yes
configure:5130: checking for strings.h
configure:5151: gcc -std=gnu99 -c -Wall -Wmissing-prototypes -Wpointer-arith -O2 -pedantic -fno-stack-protector -m64 -mtune=k8 -march=k8  -I/home/shijia/Public/FpDebug-valgrind_3.12/gmp/gmp-5.0.1/install/include conftest.c >&5
configure:5158: $? = 0
configure:5175: result: yes
configure:5130: checking for inttypes.h
configure:5151: gcc -std=gnu99 -c -Wall -Wmissing-prototypes -Wpointer-arith -O2 -pedantic -fno-stack-protector -m64 -mtune=k8 -march=k8  -I/home/shijia/Public/FpDebug-valgrind_3.12/gmp/gmp-5.0.1/install/include conftest.c >&5
configure:5158: $? = 0
configure:5175: result: yes
configure:5130: checking for stdint.h
configure:5151: gcc -std=gnu99 -c -Wall -Wmissing-prototypes -Wpointer-arith -O2 -pedantic -fno-stack-protector -m64 -mtune=k8 -march=k8  -I/home/shijia/Public/FpDebug-valgrind_3.12/gmp/gmp-5.0.1/install/include conftest.c >&5
configure:5158: $? = 0
configure:5175: result: yes
configure:5130: checking for unistd.h
configure:5151: gcc -std=gnu99 -c -Wall -Wmissing-prototypes -Wpointer-arith -O2 -pedantic -fno-stack-protector -m64 -mtune=k8 -march=k8  -I/home/shijia/Public/FpDebug-valgrind_3.12/gmp/gmp-5.0.1/install/include conftest.c >&5
configure:5158: $? = 0
configure:5175: result: yes
configure:5202: checking for string.h
configure:5209: result: yes
configure:5408: checking for an ANSI C-conforming const
configure:5483: gcc -std=gnu99 -c -Wall -Wmissing-prototypes -Wpointer-arith -O2 -pedantic -fno-stack-protector -m64 -mtune=k8 -march=k8  -I/home/shijia/Public/FpDebug-valgrind_3.12/gmp/gmp-5.0.1/install/include conftest.c >&5
conftest.c: In function 'main':
conftest.c:50: warning: 't' is used uninitialized in this function
conftest.c:66: warning: 'b' is used uninitialized in this function
conftest.c:29: warning: 'cs[0]' is used uninitialized in this function
configure:5490: $? = 0
configure:5505: result: yes
configure:5515: checking for working volatile
configure:5544: gcc -std=gnu99 -c -Wall -Wmissing-prototypes -Wpointer-arith -O2 -pedantic -fno-stack-protector -m64 -mtune=k8 -march=k8  -I/home/shijia/Public/FpDebug-valgrind_3.12/gmp/gmp-5.0.1/install/include conftest.c >&5
conftest.c: In function 'main':
conftest.c:28: warning: 'x' is used uninitialized in this function
configure:5551: $? = 0
configure:5566: result: yes
configure:5850: checking for main in -lm
configure:5879: gcc -std=gnu99 -o conftest -Wall -Wmissing-prototypes -Wpointer-arith -O2 -pedantic -fno-stack-protector -m64 -mtune=k8 -march=k8  -I/home/shijia/Public/FpDebug-valgrind_3.12/gmp/gmp-5.0.1/install/include  -L/home/shijia/Public/FpDebug-valgrind_3.12/gmp/gmp-5.0.1/install/lib conftest.c -lm   >&5
configure:5886: $? = 0
configure:5907: result: yes
configure:5916: checking whether time.h and sys/time.h may both be included
configure:5946: gcc -std=gnu99 -c -Wall -Wmissing-prototypes -Wpointer-arith -O2 -pedantic -fno-stack-protector -m64 -mtune=k8 -march=k8  -I/home/shijia/Public/FpDebug-valgrind_3.12/gmp/gmp-5.0.1/install/include conftest.c >&5
configure:5953: $? = 0
configure:5968: result: yes
configure:5994: checking limits.h usability
configure:6011: gcc -std=gnu99 -c -Wall -Wmissing-prototypes -Wpointer-arith -O2 -pedantic -fno-stack-protector -m64 -mtune=k8 -march=k8  -I/home/shijia/Public/FpDebug-valgrind_3.12/gmp/gmp-5.0.1/install/include conftest.c >&5
configure:6018: $? = 0
configure:6032: result: yes
configure:6036: checking limits.h presence
configure:6051: gcc -std=gnu99 -E  -I/home/shijia/Public/FpDebug-valgrind_3.12/gmp/gmp-5.0.1/install/include conftest.c
configure:6058: $? = 0
configure:6072: result: yes
configure:6100: checking for limits.h
configure:6107: result: yes
configure:6130: checking float.h usability
configure:6147: gcc -std=gnu99 -c -Wall -Wmissing-prototypes -Wpointer-arith -O2 -pedantic -fno-stack-protector -m64 -mtune=k8 -march=k8  -I/home/shijia/Public/FpDebug-valgrind_3.12/gmp/gmp-5.0.1/install/include conftest.c >&5
configure:6154: $? = 0
configure:6168: result: yes
configure:6172: checking float.h presence
configure:6187: gcc -std=gnu99 -E  -I/home/shijia/Public/FpDebug-valgrind_3.12/gmp/gmp-5.0.1/install/include conftest.c
configure:6194: $? = 0
configure:6208: result: yes
configure:6236: checking for float.h
configure:6243: result: yes
configure:6257: checking for string.h
configure:6262: result: yes
configure:6409: checking locale.h usability
configure:6426: gcc -std=gnu99 -c -Wall -Wmissing-prototypes -Wpointer-arith -O2 -pedantic -fno-stack-protector -m64 -mtune=k8 -march=k8  -I/home/shijia/Public/FpDebug-valgrind_3.12/gmp/gmp-5.0.1/install/include conftest.c >&5
configure:6433: $? = 0
configure:6447: result: yes
configure:6451: checking locale.h presence
configure:6466: gcc -std=gnu99 -E  -I/home/shijia/Public/FpDebug-valgrind_3.12/gmp/gmp-5.0.1/install/include conftest.c
configure:6473: $? = 0
configure:6487: result: yes
configure:6515: checking for locale.h
configure:6524: result: yes
configure:6556: checking wchar.h usability
configure:6573: gcc -std=gnu99 -c -Wall -Wmissing-prototypes -Wpointer-arith -O2 -pedantic -fno-stack-protector -m64 -mtune=k8 -march=k8  -I/home/shijia/Public/FpDebug-valgrind_3.12/gmp/gmp-5.0.1/install/include conftest.c >&5
configure:6580: $? = 0
configure:6594: result: yes
configure:6598: checking wchar.h presence
configure:6613: gcc -std=gnu99 -E  -I/home/shijia/Public/FpDebug-valgrind_3.12/gmp/gmp-5.0.1/install/include conftest.c
configure:6620: $? = 0
configure:6634: result: yes
configure:6662: checking for wchar.h
configure:6671: result: yes
configure:6697: checking stdarg.h usability
configure:6714: gcc -std=gnu99 -c -Wall -Wmissing-prototypes -Wpointer-arith -O2 -pedantic -fno-stack-protector -m64 -mtune=k8 -march=k8  -I/home/shijia/Public/FpDebug-valgrind_3.12/gmp/gmp-5.0.1/install/include conftest.c >&5
configure:6721: $? = 0
configure:6735: result: yes
configure:6739: checking stdarg.h presence
configure:6754: gcc -std=gnu99 -E  -I/home/shijia/Public/FpDebug-valgrind_3.12/gmp/gmp-5.0.1/install/include conftest.c
configure:6761: $? = 0
configure:6775: result: yes
configure:6803: checking for stdarg.h
configure:6810: result: yes
configure:6978: checking sys/time.h usability
configure:6995: gcc -std=gnu99 -c -Wall -Wmissing-prototypes -Wpointer-arith -O2 -pedantic -fno-stack-protector -m64 -mtune=k8 -march=k8  -I/home/shijia/Public/FpDebug-valgrind_3.12/gmp/gmp-5.0.1/install/include conftest.c >&5
configure:7002: $? = 0
configure:7016: result: yes
configure:7020: checking sys/time.h presence
configure:7035: gcc -std=gnu99 -E  -I/home/shijia/Public/FpDebug-valgrind_3.12/gmp/gmp-5.0.1/install/include conftest.c
configure:7042: $? = 0
configure:7056: result: yes
configure:7084: checking for sys/time.h
configure:7093: result: yes
configure:6978: checking sys/fpu.h usability
configure:6995: gcc -std=gnu99 -c -Wall -Wmissing-prototypes -Wpointer-arith -O2 -pedantic -fno-stack-protector -m64 -mtune=k8 -march=k8  -I/home/shijia/Public/FpDebug-valgrind_3.12/gmp/gmp-5.0.1/install/include conftest.c >&5
conftest.c:59:21: error: sys/fpu.h: No such file or directory
configure:7002: $? = 1
configure: failed program was:
| /* confdefs.h.  */
| #define PACKAGE_NAME "MPFR"
| #define PACKAGE_TARNAME "mpfr"
| #define PACKAGE_VERSION "3.0.0"
| #define PACKAGE_STRING "MPFR 3.0.0"
| #define PACKAGE_BUGREPORT ""
| #define PROTOTYPES 1
| #define __PROTOTYPES 1
| #define STDC_HEADERS 1
| #define HAVE_SYS_TYPES_H 1
| #define HAVE_SYS_STAT_H 1
| #define HAVE_STDLIB_H 1
| #define HAVE_STRING_H 1
| #define HAVE_MEMORY_H 1
| #define HAVE_STRINGS_H 1
| #define HAVE_INTTYPES_H 1
| #define HAVE_STDINT_H 1
| #define HAVE_UNISTD_H 1
| #define HAVE_STRING_H 1
| #define TIME_WITH_SYS_TIME 1
| #define HAVE_LOCALE_H 1
| #define HAVE_WCHAR_H 1
| #define HAVE_STDARG 1
| #define HAVE_SYS_TIME_H 1
| /* end confdefs.h.  */
| #include <stdio.h>
| #ifdef HAVE_SYS_TYPES_H
| # include <sys/types.h>
| #endif
| #ifdef HAVE_SYS_STAT_H
| # include <sys/stat.h>
| #endif
| #ifdef STDC_HEADERS
| # include <stdlib.h>
| # include <stddef.h>
| #else
| # ifdef HAVE_STDLIB_H
| #  include <stdlib.h>
| # endif
| #endif
| #ifdef HAVE_STRING_H
| # if !defined STDC_HEADERS && defined HAVE_MEMORY_H
| #  include <memory.h>
| # endif
| # include <string.h>
| #endif
| #ifdef HAVE_STRINGS_H
| # include <strings.h>
| #endif
| #ifdef HAVE_INTTYPES_H
| # include <inttypes.h>
| #endif
| #ifdef HAVE_STDINT_H
| # include <stdint.h>
| #endif
| #ifdef HAVE_UNISTD_H
| # include <unistd.h>
| #endif
| #include <sys/fpu.h>
configure:7016: result: no
configure:7020: checking sys/fpu.h presence
configure:7035: gcc -std=gnu99 -E  -I/home/shijia/Public/FpDebug-valgrind_3.12/gmp/gmp-5.0.1/install/include conftest.c
conftest.c:26:21: error: sys/fpu.h: No such file or directory
configure:7042: $? = 1
configure: failed program was:
| /* confdefs.h.  */
| #define PACKAGE_NAME "MPFR"
| #define PACKAGE_TARNAME "mpfr"
| #define PACKAGE_VERSION "3.0.0"
| #define PACKAGE_STRING "MPFR 3.0.0"
| #define PACKAGE_BUGREPORT ""
| #define PROTOTYPES 1
| #define __PROTOTYPES 1
| #define STDC_HEADERS 1
| #define HAVE_SYS_TYPES_H 1
| #define HAVE_SYS_STAT_H 1
| #define HAVE_STDLIB_H 1
| #define HAVE_STRING_H 1
| #define HAVE_MEMORY_H 1
| #define HAVE_STRINGS_H 1
| #define HAVE_INTTYPES_H 1
| #define HAVE_STDINT_H 1
| #define HAVE_UNISTD_H 1
| #define HAVE_STRING_H 1
| #define TIME_WITH_SYS_TIME 1
| #define HAVE_LOCALE_H 1
| #define HAVE_WCHAR_H 1
| #define HAVE_STDARG 1
| #define HAVE_SYS_TIME_H 1
| /* end confdefs.h.  */
| #include <sys/fpu.h>
configure:7056: result: no
configure:7084: checking for sys/fpu.h
configure:7093: result: no
configure:7111: checking for working alloca.h
configure:7138: gcc -std=gnu99 -o conftest -Wall -Wmissing-prototypes -Wpointer-arith -O2 -pedantic -fno-stack-protector -m64 -mtune=k8 -march=k8  -I/home/shijia/Public/FpDebug-valgrind_3.12/gmp/gmp-5.0.1/install/include  -L/home/shijia/Public/FpDebug-valgrind_3.12/gmp/gmp-5.0.1/install/lib conftest.c  >&5
configure:7145: $? = 0
configure:7165: result: yes
configure:7175: checking for alloca
configure:7222: gcc -std=gnu99 -o conftest -Wall -Wmissing-prototypes -Wpointer-arith -O2 -pedantic -fno-stack-protector -m64 -mtune=k8 -march=k8  -I/home/shijia/Public/FpDebug-valgrind_3.12/gmp/gmp-5.0.1/install/include  -L/home/shijia/Public/FpDebug-valgrind_3.12/gmp/gmp-5.0.1/install/lib conftest.c  >&5
configure:7229: $? = 0
configure:7249: result: yes
configure:7493: checking for stdint.h
configure:7500: result: yes
configure:7634: checking for SIZE_MAX
configure:8368: result: yes
configure:8379: checking how to copy va_list
configure:8407: gcc -std=gnu99 -o conftest -Wall -Wmissing-prototypes -Wpointer-arith -O2 -pedantic -fno-stack-protector -m64 -mtune=k8 -march=k8  -I/home/shijia/Public/FpDebug-valgrind_3.12/gmp/gmp-5.0.1/install/include  -L/home/shijia/Public/FpDebug-valgrind_3.12/gmp/gmp-5.0.1/install/lib conftest.c  >&5
configure:8414: $? = 0
configure:8423: result: va_copy
configure:8505: checking for memmove
configure:8561: gcc -std=gnu99 -o conftest -Wall -Wmissing-prototypes -Wpointer-arith -O2 -pedantic -fno-stack-protector -m64 -mtune=k8 -march=k8  -I/home/shijia/Public/FpDebug-valgrind_3.12/gmp/gmp-5.0.1/install/include  -L/home/shijia/Public/FpDebug-valgrind_3.12/gmp/gmp-5.0.1/install/lib conftest.c  >&5
conftest.c:53: warning: conflicting types for built-in function 'memmove'
configure:8568: $? = 0
configure:8590: result: yes
configure:8505: checking for memset
configure:8561: gcc -std=gnu99 -o conftest -Wall -Wmissing-prototypes -Wpointer-arith -O2 -pedantic -fno-stack-protector -m64 -mtune=k8 -march=k8  -I/home/shijia/Public/FpDebug-valgrind_3.12/gmp/gmp-5.0.1/install/include  -L/home/shijia/Public/FpDebug-valgrind_3.12/gmp/gmp-5.0.1/install/lib conftest.c  >&5
conftest.c:54: warning: conflicting types for built-in function 'memset'
configure:8568: $? = 0
configure:8590: result: yes
configure:8505: checking for setlocale
configure:8561: gcc -std=gnu99 -o conftest -Wall -Wmissing-prototypes -Wpointer-arith -O2 -pedantic -fno-stack-protector -m64 -mtune=k8 -march=k8  -I/home/shijia/Public/FpDebug-valgrind_3.12/gmp/gmp-5.0.1/install/include  -L/home/shijia/Public/FpDebug-valgrind_3.12/gmp/gmp-5.0.1/install/lib conftest.c  >&5
configure:8568: $? = 0
configure:8590: result: yes
configure:8505: checking for strtol
configure:8561: gcc -std=gnu99 -o conftest -Wall -Wmissing-prototypes -Wpointer-arith -O2 -pedantic -fno-stack-protector -m64 -mtune=k8 -march=k8  -I/home/shijia/Public/FpDebug-valgrind_3.12/gmp/gmp-5.0.1/install/include  -L/home/shijia/Public/FpDebug-valgrind_3.12/gmp/gmp-5.0.1/install/lib conftest.c  >&5
configure:8568: $? = 0
configure:8590: result: yes
configure:8505: checking for gettimeofday
configure:8561: gcc -std=gnu99 -o conftest -Wall -Wmissing-prototypes -Wpointer-arith -O2 -pedantic -fno-stack-protector -m64 -mtune=k8 -march=k8  -I/home/shijia/Public/FpDebug-valgrind_3.12/gmp/gmp-5.0.1/install/include  -L/home/shijia/Public/FpDebug-valgrind_3.12/gmp/gmp-5.0.1/install/lib conftest.c  >&5
configure:8568: $? = 0
configure:8590: result: yes
configure:8671: checking for long long int
configure:8699: gcc -std=gnu99 -c -Wall -Wmissing-prototypes -Wpointer-arith -O2 -pedantic -fno-stack-protector -m64 -mtune=k8 -march=k8  -I/home/shijia/Public/FpDebug-valgrind_3.12/gmp/gmp-5.0.1/install/include conftest.c >&5
configure:8706: $? = 0
configure:8733: gcc -std=gnu99 -c -Wall -Wmissing-prototypes -Wpointer-arith -O2 -pedantic -fno-stack-protector -m64 -mtune=k8 -march=k8  -I/home/shijia/Public/FpDebug-valgrind_3.12/gmp/gmp-5.0.1/install/include conftest.c >&5
conftest.c: In function 'main':
conftest.c:71: error: expected expression before ')' token
configure:8740: $? = 1
configure: failed program was:
| /* confdefs.h.  */
| #define PACKAGE_NAME "MPFR"
| #define PACKAGE_TARNAME "mpfr"
| #define PACKAGE_VERSION "3.0.0"
| #define PACKAGE_STRING "MPFR 3.0.0"
| #define PACKAGE_BUGREPORT ""
| #define PROTOTYPES 1
| #define __PROTOTYPES 1
| #define STDC_HEADERS 1
| #define HAVE_SYS_TYPES_H 1
| #define HAVE_SYS_STAT_H 1
| #define HAVE_STDLIB_H 1
| #define HAVE_STRING_H 1
| #define HAVE_MEMORY_H 1
| #define HAVE_STRINGS_H 1
| #define HAVE_INTTYPES_H 1
| #define HAVE_STDINT_H 1
| #define HAVE_UNISTD_H 1
| #define HAVE_STRING_H 1
| #define TIME_WITH_SYS_TIME 1
| #define HAVE_LOCALE_H 1
| #define HAVE_WCHAR_H 1
| #define HAVE_STDARG 1
| #define HAVE_SYS_TIME_H 1
| #define HAVE_ALLOCA_H 1
| #define HAVE_ALLOCA 1
| #define HAVE_STDINT_H 1
| #define HAVE_VA_COPY 1
| #define HAVE_MEMMOVE 1
| #define HAVE_MEMSET 1
| #define HAVE_SETLOCALE 1
| #define HAVE_STRTOL 1
| #define HAVE_GETTIMEOFDAY 1
| /* end confdefs.h.  */
| #include <stdio.h>
| #ifdef HAVE_SYS_TYPES_H
| # include <sys/types.h>
| #endif
| #ifdef HAVE_SYS_STAT_H
| # include <sys/stat.h>
| #endif
| #ifdef STDC_HEADERS
| # include <stdlib.h>
| # include <stddef.h>
| #else
| # ifdef HAVE_STDLIB_H
| #  include <stdlib.h>
| # endif
| #endif
| #ifdef HAVE_STRING_H
| # if !defined STDC_HEADERS && defined HAVE_MEMORY_H
| #  include <memory.h>
| # endif
| # include <string.h>
| #endif
| #ifdef HAVE_STRINGS_H
| # include <strings.h>
| #endif
| #ifdef HAVE_INTTYPES_H
| # include <inttypes.h>
| #endif
| #ifdef HAVE_STDINT_H
| # include <stdint.h>
| #endif
| #ifdef HAVE_UNISTD_H
| # include <unistd.h>
| #endif
| int
| main ()
| {
| if (sizeof ((long long int)))
| 	  return 0;
|   ;
|   return 0;
| }
configure:8763: result: yes
configure:8774: checking for intmax_t
configure:8802: gcc -std=gnu99 -c -Wall -Wmissing-prototypes -Wpointer-arith -O2 -pedantic -fno-stack-protector -m64 -mtune=k8 -march=k8  -I/home/shijia/Public/FpDebug-valgrind_3.12/gmp/gmp-5.0.1/install/include conftest.c >&5
configure:8809: $? = 0
configure:8836: gcc -std=gnu99 -c -Wall -Wmissing-prototypes -Wpointer-arith -O2 -pedantic -fno-stack-protector -m64 -mtune=k8 -march=k8  -I/home/shijia/Public/FpDebug-valgrind_3.12/gmp/gmp-5.0.1/install/include conftest.c >&5
conftest.c: In function 'main':
conftest.c:72: error: expected expression before ')' token
configure:8843: $? = 1
configure: failed program was:
| /* confdefs.h.  */
| #define PACKAGE_NAME "MPFR"
| #define PACKAGE_TARNAME "mpfr"
| #define PACKAGE_VERSION "3.0.0"
| #define PACKAGE_STRING "MPFR 3.0.0"
| #define PACKAGE_BUGREPORT ""
| #define PROTOTYPES 1
| #define __PROTOTYPES 1
| #define STDC_HEADERS 1
| #define HAVE_SYS_TYPES_H 1
| #define HAVE_SYS_STAT_H 1
| #define HAVE_STDLIB_H 1
| #define HAVE_STRING_H 1
| #define HAVE_MEMORY_H 1
| #define HAVE_STRINGS_H 1
| #define HAVE_INTTYPES_H 1
| #define HAVE_STDINT_H 1
| #define HAVE_UNISTD_H 1
| #define HAVE_STRING_H 1
| #define TIME_WITH_SYS_TIME 1
| #define HAVE_LOCALE_H 1
| #define HAVE_WCHAR_H 1
| #define HAVE_STDARG 1
| #define HAVE_SYS_TIME_H 1
| #define HAVE_ALLOCA_H 1
| #define HAVE_ALLOCA 1
| #define HAVE_STDINT_H 1
| #define HAVE_VA_COPY 1
| #define HAVE_MEMMOVE 1
| #define HAVE_MEMSET 1
| #define HAVE_SETLOCALE 1
| #define HAVE_STRTOL 1
| #define HAVE_GETTIMEOFDAY 1
| #define HAVE_LONG_LONG 1
| /* end confdefs.h.  */
| #include <stdio.h>
| #ifdef HAVE_SYS_TYPES_H
| # include <sys/types.h>
| #endif
| #ifdef HAVE_SYS_STAT_H
| # include <sys/stat.h>
| #endif
| #ifdef STDC_HEADERS
| # include <stdlib.h>
| # include <stddef.h>
| #else
| # ifdef HAVE_STDLIB_H
| #  include <stdlib.h>
| # endif
| #endif
| #ifdef HAVE_STRING_H
| # if !defined STDC_HEADERS && defined HAVE_MEMORY_H
| #  include <memory.h>
| # endif
| # include <string.h>
| #endif
| #ifdef HAVE_STRINGS_H
| # include <strings.h>
| #endif
| #ifdef HAVE_INTTYPES_H
| # include <inttypes.h>
| #endif
| #ifdef HAVE_STDINT_H
| # include <stdint.h>
| #endif
| #ifdef HAVE_UNISTD_H
| # include <unistd.h>
| #endif
| int
| main ()
| {
| if (sizeof ((intmax_t)))
| 	  return 0;
|   ;
|   return 0;
| }
configure:8866: result: yes
configure:8878: checking for working INTMAX_MAX
configure:8905: gcc -std=gnu99 -c -Wall -Wmissing-prototypes -Wpointer-arith -O2 -pedantic -fno-stack-protector -m64 -mtune=k8 -march=k8  -I/home/shijia/Public/FpDebug-valgrind_3.12/gmp/gmp-5.0.1/install/include conftest.c >&5
conftest.c: In function 'main':
conftest.c:41: warning: unused variable 'x'
configure:8912: $? = 0
configure:8928: result: yes
configure:8939: checking for union fpc_csr
configure:8972: gcc -std=gnu99 -c -Wall -Wmissing-prototypes -Wpointer-arith -O2 -pedantic -fno-stack-protector -m64 -mtune=k8 -march=k8  -I/home/shijia/Public/FpDebug-valgrind_3.12/gmp/gmp-5.0.1/install/include conftest.c >&5
conftest.c: In function 'main':
conftest.c:47: error: invalid application of 'sizeof' to incomplete type 'union fpc_csr' 
configure:8979: $? = 1
configure: failed program was:
| /* confdefs.h.  */
| #define PACKAGE_NAME "MPFR"
| #define PACKAGE_TARNAME "mpfr"
| #define PACKAGE_VERSION "3.0.0"
| #define PACKAGE_STRING "MPFR 3.0.0"
| #define PACKAGE_BUGREPORT ""
| #define PROTOTYPES 1
| #define __PROTOTYPES 1
| #define STDC_HEADERS 1
| #define HAVE_SYS_TYPES_H 1
| #define HAVE_SYS_STAT_H 1
| #define HAVE_STDLIB_H 1
| #define HAVE_STRING_H 1
| #define HAVE_MEMORY_H 1
| #define HAVE_STRINGS_H 1
| #define HAVE_INTTYPES_H 1
| #define HAVE_STDINT_H 1
| #define HAVE_UNISTD_H 1
| #define HAVE_STRING_H 1
| #define TIME_WITH_SYS_TIME 1
| #define HAVE_LOCALE_H 1
| #define HAVE_WCHAR_H 1
| #define HAVE_STDARG 1
| #define HAVE_SYS_TIME_H 1
| #define HAVE_ALLOCA_H 1
| #define HAVE_ALLOCA 1
| #define HAVE_STDINT_H 1
| #define HAVE_VA_COPY 1
| #define HAVE_MEMMOVE 1
| #define HAVE_MEMSET 1
| #define HAVE_SETLOCALE 1
| #define HAVE_STRTOL 1
| #define HAVE_GETTIMEOFDAY 1
| #define HAVE_LONG_LONG 1
| #define HAVE_INTMAX_T 1
| #define MPFR_HAVE_INTMAX_MAX 1
| /* end confdefs.h.  */
| 
| #if HAVE_SYS_FPU_H
| #  include <sys/fpu.h>
| #endif
| 
| 
| int
| main ()
| {
| if (sizeof (union fpc_csr))
|        return 0;
|   ;
|   return 0;
| }
configure:9041: result: no
configure:9052: checking for fesetround
configure:9081: gcc -std=gnu99 -o conftest -Wall -Wmissing-prototypes -Wpointer-arith -O2 -pedantic -fno-stack-protector -m64 -mtune=k8 -march=k8  -I/home/shijia/Public/FpDebug-valgrind_3.12/gmp/gmp-5.0.1/install/include  -L/home/shijia/Public/FpDebug-valgrind_3.12/gmp/gmp-5.0.1/install/lib conftest.c  -lm >&5
configure:9088: $? = 0
configure:9110: result: yes
configure:9121: checking for gcc float-conversion bug
configure:9171: gcc -std=gnu99 -o conftest -Wall -Wmissing-prototypes -Wpointer-arith -O2 -pedantic -fno-stack-protector -m64 -mtune=k8 -march=k8  -I/home/shijia/Public/FpDebug-valgrind_3.12/gmp/gmp-5.0.1/install/include  -L/home/shijia/Public/FpDebug-valgrind_3.12/gmp/gmp-5.0.1/install/lib conftest.c  -lm >&5
configure:9175: $? = 0
configure:9181: ./conftest
configure:9185: $? = 0
configure:9204: result: no
configure:9211: checking for denormalized numbers
configure:9242: gcc -std=gnu99 -o conftest -Wall -Wmissing-prototypes -Wpointer-arith -O2 -pedantic -fno-stack-protector -m64 -mtune=k8 -march=k8  -I/home/shijia/Public/FpDebug-valgrind_3.12/gmp/gmp-5.0.1/install/include  -L/home/shijia/Public/FpDebug-valgrind_3.12/gmp/gmp-5.0.1/install/lib conftest.c  >&5
configure:9246: $? = 0
configure:9252: ./conftest
1.112537e-308
configure:9256: $? = 0
configure:9274: result: yes
configure:9284: checking if NAN == NAN
configure:9318: gcc -std=gnu99 -o conftest -Wall -Wmissing-prototypes -Wpointer-arith -O2 -pedantic -fno-stack-protector -m64 -mtune=k8 -march=k8  -I/home/shijia/Public/FpDebug-valgrind_3.12/gmp/gmp-5.0.1/install/include  -L/home/shijia/Public/FpDebug-valgrind_3.12/gmp/gmp-5.0.1/install/lib conftest.c  >&5
configure:9322: $? = 0
configure:9328: ./conftest
configure:9332: $? = 1
configure: program exited with status 1
configure: failed program was:
| /* confdefs.h.  */
| #define PACKAGE_NAME "MPFR"
| #define PACKAGE_TARNAME "mpfr"
| #define PACKAGE_VERSION "3.0.0"
| #define PACKAGE_STRING "MPFR 3.0.0"
| #define PACKAGE_BUGREPORT ""
| #define PROTOTYPES 1
| #define __PROTOTYPES 1
| #define STDC_HEADERS 1
| #define HAVE_SYS_TYPES_H 1
| #define HAVE_SYS_STAT_H 1
| #define HAVE_STDLIB_H 1
| #define HAVE_STRING_H 1
| #define HAVE_MEMORY_H 1
| #define HAVE_STRINGS_H 1
| #define HAVE_INTTYPES_H 1
| #define HAVE_STDINT_H 1
| #define HAVE_UNISTD_H 1
| #define HAVE_STRING_H 1
| #define TIME_WITH_SYS_TIME 1
| #define HAVE_LOCALE_H 1
| #define HAVE_WCHAR_H 1
| #define HAVE_STDARG 1
| #define HAVE_SYS_TIME_H 1
| #define HAVE_ALLOCA_H 1
| #define HAVE_ALLOCA 1
| #define HAVE_STDINT_H 1
| #define HAVE_VA_COPY 1
| #define HAVE_MEMMOVE 1
| #define HAVE_MEMSET 1
| #define HAVE_SETLOCALE 1
| #define HAVE_STRTOL 1
| #define HAVE_GETTIMEOFDAY 1
| #define HAVE_LONG_LONG 1
| #define HAVE_INTMAX_T 1
| #define MPFR_HAVE_INTMAX_MAX 1
| #define MPFR_HAVE_FESETROUND 1
| #define HAVE_DENORMS 1
| /* end confdefs.h.  */
| 
| #include <stdio.h>
| #include <math.h>
| #ifndef NAN
| # define NAN (0.0/0.0)
| #endif
| int main() {
|   double d;
|   d = NAN;
|   return d != d;
| }
| 
configure:9350: result: no
configure:9380: checking if charset has consecutive values
configure:9420: gcc -std=gnu99 -o conftest -Wall -Wmissing-prototypes -Wpointer-arith -O2 -pedantic -fno-stack-protector -m64 -mtune=k8 -march=k8  -I/home/shijia/Public/FpDebug-valgrind_3.12/gmp/gmp-5.0.1/install/include  -L/home/shijia/Public/FpDebug-valgrind_3.12/gmp/gmp-5.0.1/install/lib conftest.c  >&5
configure:9424: $? = 0
configure:9430: ./conftest
configure:9434: $? = 0
configure:9436: result: yes
configure:9462: checking for math/round
configure:9492: gcc -std=gnu99 -o conftest -Wall -Wmissing-prototypes -Wpointer-arith -O2 -pedantic -fno-stack-protector -m64 -mtune=k8 -march=k8  -I/home/shijia/Public/FpDebug-valgrind_3.12/gmp/gmp-5.0.1/install/include  -L/home/shijia/Public/FpDebug-valgrind_3.12/gmp/gmp-5.0.1/install/lib conftest.c  -lm >&5
conftest.c:42: warning: no previous prototype for 'f'
configure:9499: $? = 0
configure:9508: result: yes
configure:9528: checking for math/trunc
configure:9558: gcc -std=gnu99 -o conftest -Wall -Wmissing-prototypes -Wpointer-arith -O2 -pedantic -fno-stack-protector -m64 -mtune=k8 -march=k8  -I/home/shijia/Public/FpDebug-valgrind_3.12/gmp/gmp-5.0.1/install/include  -L/home/shijia/Public/FpDebug-valgrind_3.12/gmp/gmp-5.0.1/install/lib conftest.c  -lm >&5
conftest.c:43: warning: no previous prototype for 'f'
configure:9565: $? = 0
configure:9574: result: yes
configure:9594: checking for math/floor
configure:9624: gcc -std=gnu99 -o conftest -Wall -Wmissing-prototypes -Wpointer-arith -O2 -pedantic -fno-stack-protector -m64 -mtune=k8 -march=k8  -I/home/shijia/Public/FpDebug-valgrind_3.12/gmp/gmp-5.0.1/install/include  -L/home/shijia/Public/FpDebug-valgrind_3.12/gmp/gmp-5.0.1/install/lib conftest.c  -lm >&5
conftest.c:44: warning: no previous prototype for 'f'
configure:9631: $? = 0
configure:9640: result: yes
configure:9660: checking for math/ceil
configure:9690: gcc -std=gnu99 -o conftest -Wall -Wmissing-prototypes -Wpointer-arith -O2 -pedantic -fno-stack-protector -m64 -mtune=k8 -march=k8  -I/home/shijia/Public/FpDebug-valgrind_3.12/gmp/gmp-5.0.1/install/include  -L/home/shijia/Public/FpDebug-valgrind_3.12/gmp/gmp-5.0.1/install/lib conftest.c  -lm >&5
conftest.c:45: warning: no previous prototype for 'f'
configure:9697: $? = 0
configure:9706: result: yes
configure:9726: checking for math/rint
configure:9756: gcc -std=gnu99 -o conftest -Wall -Wmissing-prototypes -Wpointer-arith -O2 -pedantic -fno-stack-protector -m64 -mtune=k8 -march=k8  -I/home/shijia/Public/FpDebug-valgrind_3.12/gmp/gmp-5.0.1/install/include  -L/home/shijia/Public/FpDebug-valgrind_3.12/gmp/gmp-5.0.1/install/lib conftest.c  -lm >&5
conftest.c:46: warning: no previous prototype for 'f'
configure:9763: $? = 0
configure:9772: result: yes
configure:9797: checking for long double
configure:9825: gcc -std=gnu99 -c -Wall -Wmissing-prototypes -Wpointer-arith -O2 -pedantic -fno-stack-protector -m64 -mtune=k8 -march=k8  -I/home/shijia/Public/FpDebug-valgrind_3.12/gmp/gmp-5.0.1/install/include conftest.c >&5
configure:9832: $? = 0
configure:9859: gcc -std=gnu99 -c -Wall -Wmissing-prototypes -Wpointer-arith -O2 -pedantic -fno-stack-protector -m64 -mtune=k8 -march=k8  -I/home/shijia/Public/FpDebug-valgrind_3.12/gmp/gmp-5.0.1/install/include conftest.c >&5
conftest.c: In function 'main':
conftest.c:81: error: expected expression before ')' token
configure:9866: $? = 1
configure: failed program was:
| /* confdefs.h.  */
| #define PACKAGE_NAME "MPFR"
| #define PACKAGE_TARNAME "mpfr"
| #define PACKAGE_VERSION "3.0.0"
| #define PACKAGE_STRING "MPFR 3.0.0"
| #define PACKAGE_BUGREPORT ""
| #define PROTOTYPES 1
| #define __PROTOTYPES 1
| #define STDC_HEADERS 1
| #define HAVE_SYS_TYPES_H 1
| #define HAVE_SYS_STAT_H 1
| #define HAVE_STDLIB_H 1
| #define HAVE_STRING_H 1
| #define HAVE_MEMORY_H 1
| #define HAVE_STRINGS_H 1
| #define HAVE_INTTYPES_H 1
| #define HAVE_STDINT_H 1
| #define HAVE_UNISTD_H 1
| #define HAVE_STRING_H 1
| #define TIME_WITH_SYS_TIME 1
| #define HAVE_LOCALE_H 1
| #define HAVE_WCHAR_H 1
| #define HAVE_STDARG 1
| #define HAVE_SYS_TIME_H 1
| #define HAVE_ALLOCA_H 1
| #define HAVE_ALLOCA 1
| #define HAVE_STDINT_H 1
| #define HAVE_VA_COPY 1
| #define HAVE_MEMMOVE 1
| #define HAVE_MEMSET 1
| #define HAVE_SETLOCALE 1
| #define HAVE_STRTOL 1
| #define HAVE_GETTIMEOFDAY 1
| #define HAVE_LONG_LONG 1
| #define HAVE_INTMAX_T 1
| #define MPFR_HAVE_INTMAX_MAX 1
| #define MPFR_HAVE_FESETROUND 1
| #define HAVE_DENORMS 1
| #define HAVE_ROUND 1
| #define HAVE_TRUNC 1
| #define HAVE_FLOOR 1
| #define HAVE_CEIL 1
| #define HAVE_NEARBYINT 1
| /* end confdefs.h.  */
| #include <stdio.h>
| #ifdef HAVE_SYS_TYPES_H
| # include <sys/types.h>
| #endif
| #ifdef HAVE_SYS_STAT_H
| # include <sys/stat.h>
| #endif
| #ifdef STDC_HEADERS
| # include <stdlib.h>
| # include <stddef.h>
| #else
| # ifdef HAVE_STDLIB_H
| #  include <stdlib.h>
| # endif
| #endif
| #ifdef HAVE_STRING_H
| # if !defined STDC_HEADERS && defined HAVE_MEMORY_H
| #  include <memory.h>
| # endif
| # include <string.h>
| #endif
| #ifdef HAVE_STRINGS_H
| # include <strings.h>
| #endif
| #ifdef HAVE_INTTYPES_H
| # include <inttypes.h>
| #endif
| #ifdef HAVE_STDINT_H
| # include <stdint.h>
| #endif
| #ifdef HAVE_UNISTD_H
| # include <unistd.h>
| #endif
| int
| main ()
| {
| if (sizeof ((long double)))
| 	  return 0;
|   ;
|   return 0;
| }
configure:9889: result: yes
configure:9900: checking format of `long double' floating point
configure:9927: gcc -std=gnu99 -Wall -Wmissing-prototypes -Wpointer-arith -O2 -pedantic -fno-stack-protector -m64 -mtune=k8 -march=k8  -I/home/shijia/Public/FpDebug-valgrind_3.12/gmp/gmp-5.0.1/install/include -c conftest.c >&5 2>&1
configure:9930: $? = 0
configure:10181: result: IEEE extended, little endian
configure:10296: checking for gmp.h
configure:10314: gcc -std=gnu99 -c -Wall -Wmissing-prototypes -Wpointer-arith -O2 -pedantic -fno-stack-protector -m64 -mtune=k8 -march=k8  -I/home/shijia/Public/FpDebug-valgrind_3.12/gmp/gmp-5.0.1/install/include conftest.c >&5
configure:10321: $? = 0
configure:10326: result: yes
configure:10790: checking for a sed that does not truncate output
configure:10856: result: /bin/sed
configure:10874: checking for fgrep
configure:10938: result: /bin/grep -F
configure:10973: checking for ld used by gcc -std=gnu99
configure:11040: result: /usr/bin/ld
configure:11049: checking if the linker (/usr/bin/ld) is GNU ld
configure:11064: result: yes
configure:11076: checking for BSD- or MS-compatible name lister (nm)
configure:11125: result: /usr/bin/nm -B
configure:11243: checking the name lister (/usr/bin/nm -B) interface
configure:11250: gcc -std=gnu99 -c -Wall -Wmissing-prototypes -Wpointer-arith -O2 -pedantic -fno-stack-protector -m64 -mtune=k8 -march=k8  -I/home/shijia/Public/FpDebug-valgrind_3.12/gmp/gmp-5.0.1/install/include conftest.c >&5
configure:11253: /usr/bin/nm -B "conftest.o"
configure:11256: output
0000000000000000 B some_variable
configure:11263: result: BSD nm
configure:11266: checking whether ln -s works
configure:11270: result: yes
configure:11278: checking the maximum length of command line arguments
configure:11398: result: 1966080
configure:11415: checking whether the shell understands some XSI constructs
configure:11425: result: yes
configure:11429: checking whether the shell understands "+="
configure:11435: result: yes
configure:11470: checking for /usr/bin/ld option to reload object files
configure:11477: result: -r
configure:11546: checking for objdump
configure:11573: result: objdump
configure:11602: checking how to recognize dependent libraries
configure:11798: result: pass_all
configure:11858: checking for ar
configure:11874: found /usr/bin/ar
configure:11885: result: ar
configure:11963: checking for strip
configure:11979: found /usr/bin/strip
configure:11990: result: strip
configure:12062: checking for ranlib
configure:12078: found /usr/bin/ranlib
configure:12089: result: ranlib
configure:12179: checking command to parse /usr/bin/nm -B output from gcc -std=gnu99 object
configure:12297: gcc -std=gnu99 -c -Wall -Wmissing-prototypes -Wpointer-arith -O2 -pedantic -fno-stack-protector -m64 -mtune=k8 -march=k8  -I/home/shijia/Public/FpDebug-valgrind_3.12/gmp/gmp-5.0.1/install/include conftest.c >&5
configure:12300: $? = 0
configure:12304: /usr/bin/nm -B conftest.o \| sed -n -e 's/^.*[	 ]\([ABCDGIRSTW][ABCDGIRSTW]*\)[	 ][	 ]*\([_A-Za-z][_A-Za-z0-9]*\)$/\1 \2 \2/p' \> conftest.nm
configure:12307: $? = 0
configure:12361: gcc -std=gnu99 -o conftest -Wall -Wmissing-prototypes -Wpointer-arith -O2 -pedantic -fno-stack-protector -m64 -mtune=k8 -march=k8  -I/home/shijia/Public/FpDebug-valgrind_3.12/gmp/gmp-5.0.1/install/include  -L/home/shijia/Public/FpDebug-valgrind_3.12/gmp/gmp-5.0.1/install/lib conftest.c conftstm.o >&5
conftest.c:17: warning: ISO C forbids conversion of function pointer to object pointer type
configure:12364: $? = 0
configure:12402: result: ok
configure:12497: gcc -std=gnu99 -c -Wall -Wmissing-prototypes -Wpointer-arith -O2 -pedantic -fno-stack-protector -m64 -mtune=k8 -march=k8  -I/home/shijia/Public/FpDebug-valgrind_3.12/gmp/gmp-5.0.1/install/include conftest.c >&5
configure:12500: $? = 0
configure:13267: checking for dlfcn.h
configure:13288: gcc -std=gnu99 -c -Wall -Wmissing-prototypes -Wpointer-arith -O2 -pedantic -fno-stack-protector -m64 -mtune=k8 -march=k8  -I/home/shijia/Public/FpDebug-valgrind_3.12/gmp/gmp-5.0.1/install/include conftest.c >&5
configure:13295: $? = 0
configure:13312: result: yes
configure:13496: checking for objdir
configure:13511: result: .libs
configure:13807: checking if gcc -std=gnu99 supports -fno-rtti -fno-exceptions
configure:13825: gcc -std=gnu99 -c -Wall -Wmissing-prototypes -Wpointer-arith -O2 -pedantic -fno-stack-protector -m64 -mtune=k8 -march=k8  -I/home/shijia/Public/FpDebug-valgrind_3.12/gmp/gmp-5.0.1/install/include -fno-rtti -fno-exceptions conftest.c >&5
cc1: warning: command line option "-fno-rtti" is valid for C++/ObjC++ but not for C
configure:13829: $? = 0
configure:13842: result: no
configure:13862: checking for gcc -std=gnu99 option to produce PIC
configure:14134: result: -fPIC -DPIC
configure:14146: checking if gcc -std=gnu99 PIC flag -fPIC -DPIC works
configure:14164: gcc -std=gnu99 -c -Wall -Wmissing-prototypes -Wpointer-arith -O2 -pedantic -fno-stack-protector -m64 -mtune=k8 -march=k8  -I/home/shijia/Public/FpDebug-valgrind_3.12/gmp/gmp-5.0.1/install/include -fPIC -DPIC -DPIC conftest.c >&5
configure:14168: $? = 0
configure:14181: result: yes
configure:14205: checking if gcc -std=gnu99 static flag -static works
configure:14233: result: yes
configure:14248: checking if gcc -std=gnu99 supports -c -o file.o
configure:14269: gcc -std=gnu99 -c -Wall -Wmissing-prototypes -Wpointer-arith -O2 -pedantic -fno-stack-protector -m64 -mtune=k8 -march=k8  -I/home/shijia/Public/FpDebug-valgrind_3.12/gmp/gmp-5.0.1/install/include -o out/conftest2.o conftest.c >&5
configure:14273: $? = 0
configure:14295: result: yes
configure:14303: checking if gcc -std=gnu99 supports -c -o file.o
configure:14350: result: yes
configure:14383: checking whether the gcc -std=gnu99 linker (/usr/bin/ld -m elf_x86_64) supports shared libraries
configure:15462: result: yes
configure:15499: checking whether -lc should be explicitly linked in
configure:15504: gcc -std=gnu99 -c -Wall -Wmissing-prototypes -Wpointer-arith -O2 -pedantic -fno-stack-protector -m64 -mtune=k8 -march=k8  -I/home/shijia/Public/FpDebug-valgrind_3.12/gmp/gmp-5.0.1/install/include conftest.c >&5
configure:15507: $? = 0
configure:15522: gcc -std=gnu99 -shared conftest.o  -v -Wl,-soname -Wl,conftest -o conftest 2\>\&1 \| /bin/grep  -lc  \>/dev/null 2\>\&1
configure:15525: $? = 0
configure:15537: result: no
configure:15701: checking dynamic linker characteristics
configure:16144: gcc -std=gnu99 -o conftest -Wall -Wmissing-prototypes -Wpointer-arith -O2 -pedantic -fno-stack-protector -m64 -mtune=k8 -march=k8  -I/home/shijia/Public/FpDebug-valgrind_3.12/gmp/gmp-5.0.1/install/include  -L/home/shijia/Public/FpDebug-valgrind_3.12/gmp/gmp-5.0.1/install/lib -Wl,-rpath -Wl,/foo conftest.c  >&5
configure:16151: $? = 0
configure:16396: result: GNU/Linux ld.so
configure:16498: checking how to hardcode library paths into programs
configure:16523: result: immediate
configure:17356: checking whether stripping libraries is possible
configure:17361: result: yes
configure:17396: checking if libtool supports shared libraries
configure:17398: result: yes
configure:17401: checking whether to build shared libraries
configure:17422: result: yes
configure:17425: checking whether to build static libraries
configure:17429: result: yes
configure:17467: checking whether gcc __attribute__ ((mode (XX))) works
configure:17493: gcc -std=gnu99 -c -Wall -Wmissing-prototypes -Wpointer-arith -O2 -pedantic -fno-stack-protector -m64 -mtune=k8 -march=k8  -I/home/shijia/Public/FpDebug-valgrind_3.12/gmp/gmp-5.0.1/install/include conftest.c >&5
configure:17500: $? = 0
configure:17516: result: yes
configure:17529: checking for recent GMP
configure:17551: gcc -std=gnu99 -c -Wall -Wmissing-prototypes -Wpointer-arith -O2 -pedantic -fno-stack-protector -m64 -mtune=k8 -march=k8  -I/home/shijia/Public/FpDebug-valgrind_3.12/gmp/gmp-5.0.1/install/include conftest.c >&5
configure:17558: $? = 0
configure:17563: result: yes
configure:17716: checking for __gmpz_init in -lgmp
configure:17751: gcc -std=gnu99 -o conftest -Wall -Wmissing-prototypes -Wpointer-arith -O2 -pedantic -fno-stack-protector -m64 -mtune=k8 -march=k8  -I/home/shijia/Public/FpDebug-valgrind_3.12/gmp/gmp-5.0.1/install/include  -L/home/shijia/Public/FpDebug-valgrind_3.12/gmp/gmp-5.0.1/install/lib conftest.c -lgmp   >&5
configure:17758: $? = 0
configure:17779: result: yes
configure:17792: checking if gmp.h version and libgmp version are the same
configure:17838: gcc -std=gnu99 -o conftest -Wall -Wmissing-prototypes -Wpointer-arith -O2 -pedantic -fno-stack-protector -m64 -mtune=k8 -march=k8  -I/home/shijia/Public/FpDebug-valgrind_3.12/gmp/gmp-5.0.1/install/include  -L/home/shijia/Public/FpDebug-valgrind_3.12/gmp/gmp-5.0.1/install/lib conftest.c -lgmp  >&5
configure:17842: $? = 0
configure:17848: ./conftest
configure:17852: $? = 0
configure:17854: result: yes
configure:17859: checking if gmp_printf supports "%jd"
configure:17908: gcc -std=gnu99 -o conftest -Wall -Wmissing-prototypes -Wpointer-arith -O2 -pedantic -fno-stack-protector -m64 -mtune=k8 -march=k8  -I/home/shijia/Public/FpDebug-valgrind_3.12/gmp/gmp-5.0.1/install/include  -L/home/shijia/Public/FpDebug-valgrind_3.12/gmp/gmp-5.0.1/install/lib conftest.c -lgmp  >&5
conftest.c: In function 'main':
conftest.c:70: warning: implicit declaration of function 'strcmp'
configure:17912: $? = 0
configure:17918: ./conftest
./configure: line 17920:  3901 Aborted                 (core dumped) ./conftest$ac_exeext
configure:17922: $? = 134
configure: program exited with status 134
configure: failed program was:
| /* confdefs.h.  */
| #define PACKAGE_NAME "MPFR"
| #define PACKAGE_TARNAME "mpfr"
| #define PACKAGE_VERSION "3.0.0"
| #define PACKAGE_STRING "MPFR 3.0.0"
| #define PACKAGE_BUGREPORT ""
| #define PROTOTYPES 1
| #define __PROTOTYPES 1
| #define STDC_HEADERS 1
| #define HAVE_SYS_TYPES_H 1
| #define HAVE_SYS_STAT_H 1
| #define HAVE_STDLIB_H 1
| #define HAVE_STRING_H 1
| #define HAVE_MEMORY_H 1
| #define HAVE_STRINGS_H 1
| #define HAVE_INTTYPES_H 1
| #define HAVE_STDINT_H 1
| #define HAVE_UNISTD_H 1
| #define HAVE_STRING_H 1
| #define TIME_WITH_SYS_TIME 1
| #define HAVE_LOCALE_H 1
| #define HAVE_WCHAR_H 1
| #define HAVE_STDARG 1
| #define HAVE_SYS_TIME_H 1
| #define HAVE_ALLOCA_H 1
| #define HAVE_ALLOCA 1
| #define HAVE_STDINT_H 1
| #define HAVE_VA_COPY 1
| #define HAVE_MEMMOVE 1
| #define HAVE_MEMSET 1
| #define HAVE_SETLOCALE 1
| #define HAVE_STRTOL 1
| #define HAVE_GETTIMEOFDAY 1
| #define HAVE_LONG_LONG 1
| #define HAVE_INTMAX_T 1
| #define MPFR_HAVE_INTMAX_MAX 1
| #define MPFR_HAVE_FESETROUND 1
| #define HAVE_DENORMS 1
| #define HAVE_ROUND 1
| #define HAVE_TRUNC 1
| #define HAVE_FLOOR 1
| #define HAVE_CEIL 1
| #define HAVE_NEARBYINT 1
| #define HAVE_LONG_DOUBLE 1
| #define HAVE_LDOUBLE_IEEE_EXT_LITTLE 1
| #define HAVE_DLFCN_H 1
| #define LT_OBJDIR ".libs/"
| #define HAVE_ATTRIBUTE_MODE 1
| /* end confdefs.h.  */
| 
| #include <stdio.h>
| 
| #ifdef HAVE_STDINT_H
| # include <stdint.h>
| #endif
| #ifdef HAVE_INTTYPES_H
| # include <inttypes.h>
| #endif
| 
| #include <gmp.h>
| 
| int
| main ()
| {
| 
|   char s[256];
|   intmax_t a = 17;
| 
|   if (gmp_sprintf (s, "(%0.0jd)(%d)", a, 42) == -1) return 1;
|   return (strcmp (s, "(17)(42)") != 0);
| 
|   ;
|   return 0;
| }
configure:17933: result: no
configure:17950: checking if gmp_printf supports "%hhd"
configure:17994: gcc -std=gnu99 -o conftest -Wall -Wmissing-prototypes -Wpointer-arith -O2 -pedantic -fno-stack-protector -m64 -mtune=k8 -march=k8  -I/home/shijia/Public/FpDebug-valgrind_3.12/gmp/gmp-5.0.1/install/include  -L/home/shijia/Public/FpDebug-valgrind_3.12/gmp/gmp-5.0.1/install/lib conftest.c -lgmp  >&5
conftest.c: In function 'main':
conftest.c:66: warning: implicit declaration of function 'strcmp'
configure:17998: $? = 0
configure:18004: ./conftest
./configure: line 18006:  3925 Aborted                 (core dumped) ./conftest$ac_exeext
configure:18008: $? = 134
configure: program exited with status 134
configure: failed program was:
| /* confdefs.h.  */
| #define PACKAGE_NAME "MPFR"
| #define PACKAGE_TARNAME "mpfr"
| #define PACKAGE_VERSION "3.0.0"
| #define PACKAGE_STRING "MPFR 3.0.0"
| #define PACKAGE_BUGREPORT ""
| #define PROTOTYPES 1
| #define __PROTOTYPES 1
| #define STDC_HEADERS 1
| #define HAVE_SYS_TYPES_H 1
| #define HAVE_SYS_STAT_H 1
| #define HAVE_STDLIB_H 1
| #define HAVE_STRING_H 1
| #define HAVE_MEMORY_H 1
| #define HAVE_STRINGS_H 1
| #define HAVE_INTTYPES_H 1
| #define HAVE_STDINT_H 1
| #define HAVE_UNISTD_H 1
| #define HAVE_STRING_H 1
| #define TIME_WITH_SYS_TIME 1
| #define HAVE_LOCALE_H 1
| #define HAVE_WCHAR_H 1
| #define HAVE_STDARG 1
| #define HAVE_SYS_TIME_H 1
| #define HAVE_ALLOCA_H 1
| #define HAVE_ALLOCA 1
| #define HAVE_STDINT_H 1
| #define HAVE_VA_COPY 1
| #define HAVE_MEMMOVE 1
| #define HAVE_MEMSET 1
| #define HAVE_SETLOCALE 1
| #define HAVE_STRTOL 1
| #define HAVE_GETTIMEOFDAY 1
| #define HAVE_LONG_LONG 1
| #define HAVE_INTMAX_T 1
| #define MPFR_HAVE_INTMAX_MAX 1
| #define MPFR_HAVE_FESETROUND 1
| #define HAVE_DENORMS 1
| #define HAVE_ROUND 1
| #define HAVE_TRUNC 1
| #define HAVE_FLOOR 1
| #define HAVE_CEIL 1
| #define HAVE_NEARBYINT 1
| #define HAVE_LONG_DOUBLE 1
| #define HAVE_LDOUBLE_IEEE_EXT_LITTLE 1
| #define HAVE_DLFCN_H 1
| #define LT_OBJDIR ".libs/"
| #define HAVE_ATTRIBUTE_MODE 1
| #define NPRINTF_J 1
| /* end confdefs.h.  */
| 
| #include <stdio.h>
| 
| #include <gmp.h>
| 
| #include <gmp.h>
| 
| int
| main ()
| {
| 
|   char s[256];
|   char a = 17;
| 
|   if (gmp_sprintf (s, "(%0.0hhd)(%d)", a, 42) == -1) return 1;
|   return (strcmp (s, "(17)(42)") != 0);
| 
|   ;
|   return 0;
| }
configure:18019: result: no
configure:18035: checking if gmp_printf supports "%lld"
configure:18079: gcc -std=gnu99 -o conftest -Wall -Wmissing-prototypes -Wpointer-arith -O2 -pedantic -fno-stack-protector -m64 -mtune=k8 -march=k8  -I/home/shijia/Public/FpDebug-valgrind_3.12/gmp/gmp-5.0.1/install/include  -L/home/shijia/Public/FpDebug-valgrind_3.12/gmp/gmp-5.0.1/install/lib conftest.c -lgmp  >&5
conftest.c: In function 'main':
conftest.c:67: warning: implicit declaration of function 'strcmp'
configure:18083: $? = 0
configure:18089: ./conftest
./configure: line 18091:  3953 Aborted                 (core dumped) ./conftest$ac_exeext
configure:18093: $? = 134
configure: program exited with status 134
configure: failed program was:
| /* confdefs.h.  */
| #define PACKAGE_NAME "MPFR"
| #define PACKAGE_TARNAME "mpfr"
| #define PACKAGE_VERSION "3.0.0"
| #define PACKAGE_STRING "MPFR 3.0.0"
| #define PACKAGE_BUGREPORT ""
| #define PROTOTYPES 1
| #define __PROTOTYPES 1
| #define STDC_HEADERS 1
| #define HAVE_SYS_TYPES_H 1
| #define HAVE_SYS_STAT_H 1
| #define HAVE_STDLIB_H 1
| #define HAVE_STRING_H 1
| #define HAVE_MEMORY_H 1
| #define HAVE_STRINGS_H 1
| #define HAVE_INTTYPES_H 1
| #define HAVE_STDINT_H 1
| #define HAVE_UNISTD_H 1
| #define HAVE_STRING_H 1
| #define TIME_WITH_SYS_TIME 1
| #define HAVE_LOCALE_H 1
| #define HAVE_WCHAR_H 1
| #define HAVE_STDARG 1
| #define HAVE_SYS_TIME_H 1
| #define HAVE_ALLOCA_H 1
| #define HAVE_ALLOCA 1
| #define HAVE_STDINT_H 1
| #define HAVE_VA_COPY 1
| #define HAVE_MEMMOVE 1
| #define HAVE_MEMSET 1
| #define HAVE_SETLOCALE 1
| #define HAVE_STRTOL 1
| #define HAVE_GETTIMEOFDAY 1
| #define HAVE_LONG_LONG 1
| #define HAVE_INTMAX_T 1
| #define MPFR_HAVE_INTMAX_MAX 1
| #define MPFR_HAVE_FESETROUND 1
| #define HAVE_DENORMS 1
| #define HAVE_ROUND 1
| #define HAVE_TRUNC 1
| #define HAVE_FLOOR 1
| #define HAVE_CEIL 1
| #define HAVE_NEARBYINT 1
| #define HAVE_LONG_DOUBLE 1
| #define HAVE_LDOUBLE_IEEE_EXT_LITTLE 1
| #define HAVE_DLFCN_H 1
| #define LT_OBJDIR ".libs/"
| #define HAVE_ATTRIBUTE_MODE 1
| #define NPRINTF_J 1
| #define NPRINTF_HH 1
| /* end confdefs.h.  */
| 
| #include <stdio.h>
| 
| #include <gmp.h>
| 
| #include <gmp.h>
| 
| int
| main ()
| {
| 
|   char s[256];
|   long long int a = 17;
| 
|   if (gmp_sprintf (s, "(%0.0lld)(%d)", a, 42) == -1) return 1;
|   return (strcmp (s, "(17)(42)") != 0);
| 
|   ;
|   return 0;
| }
configure:18104: result: no
configure:18120: checking if gmp_printf supports "%Lf"
configure:18164: gcc -std=gnu99 -o conftest -Wall -Wmissing-prototypes -Wpointer-arith -O2 -pedantic -fno-stack-protector -m64 -mtune=k8 -march=k8  -I/home/shijia/Public/FpDebug-valgrind_3.12/gmp/gmp-5.0.1/install/include  -L/home/shijia/Public/FpDebug-valgrind_3.12/gmp/gmp-5.0.1/install/lib conftest.c -lgmp  >&5
conftest.c: In function 'main':
conftest.c:68: warning: implicit declaration of function 'strcmp'
configure:18168: $? = 0
configure:18174: ./conftest
./configure: line 18176:  3978 Aborted                 (core dumped) ./conftest$ac_exeext
configure:18178: $? = 134
configure: program exited with status 134
configure: failed program was:
| /* confdefs.h.  */
| #define PACKAGE_NAME "MPFR"
| #define PACKAGE_TARNAME "mpfr"
| #define PACKAGE_VERSION "3.0.0"
| #define PACKAGE_STRING "MPFR 3.0.0"
| #define PACKAGE_BUGREPORT ""
| #define PROTOTYPES 1
| #define __PROTOTYPES 1
| #define STDC_HEADERS 1
| #define HAVE_SYS_TYPES_H 1
| #define HAVE_SYS_STAT_H 1
| #define HAVE_STDLIB_H 1
| #define HAVE_STRING_H 1
| #define HAVE_MEMORY_H 1
| #define HAVE_STRINGS_H 1
| #define HAVE_INTTYPES_H 1
| #define HAVE_STDINT_H 1
| #define HAVE_UNISTD_H 1
| #define HAVE_STRING_H 1
| #define TIME_WITH_SYS_TIME 1
| #define HAVE_LOCALE_H 1
| #define HAVE_WCHAR_H 1
| #define HAVE_STDARG 1
| #define HAVE_SYS_TIME_H 1
| #define HAVE_ALLOCA_H 1
| #define HAVE_ALLOCA 1
| #define HAVE_STDINT_H 1
| #define HAVE_VA_COPY 1
| #define HAVE_MEMMOVE 1
| #define HAVE_MEMSET 1
| #define HAVE_SETLOCALE 1
| #define HAVE_STRTOL 1
| #define HAVE_GETTIMEOFDAY 1
| #define HAVE_LONG_LONG 1
| #define HAVE_INTMAX_T 1
| #define MPFR_HAVE_INTMAX_MAX 1
| #define MPFR_HAVE_FESETROUND 1
| #define HAVE_DENORMS 1
| #define HAVE_ROUND 1
| #define HAVE_TRUNC 1
| #define HAVE_FLOOR 1
| #define HAVE_CEIL 1
| #define HAVE_NEARBYINT 1
| #define HAVE_LONG_DOUBLE 1
| #define HAVE_LDOUBLE_IEEE_EXT_LITTLE 1
| #define HAVE_DLFCN_H 1
| #define LT_OBJDIR ".libs/"
| #define HAVE_ATTRIBUTE_MODE 1
| #define NPRINTF_J 1
| #define NPRINTF_HH 1
| #define NPRINTF_LL 1
| /* end confdefs.h.  */
| 
| #include <stdio.h>
| 
| #include <gmp.h>
| 
| #include <gmp.h>
| 
| int
| main ()
| {
| 
|   char s[256];
|   long double a = 17;
| 
|   if (gmp_sprintf (s, "(%0.0Lf)(%d)", a, 42) == -1) return 1;
|   return (strcmp (s, "(17)(42)") != 0);
| 
|   ;
|   return 0;
| }
configure:18189: result: no
configure:18205: checking if gmp_printf supports "%td"
configure:18254: gcc -std=gnu99 -o conftest -Wall -Wmissing-prototypes -Wpointer-arith -O2 -pedantic -fno-stack-protector -m64 -mtune=k8 -march=k8  -I/home/shijia/Public/FpDebug-valgrind_3.12/gmp/gmp-5.0.1/install/include  -L/home/shijia/Public/FpDebug-valgrind_3.12/gmp/gmp-5.0.1/install/lib conftest.c -lgmp  >&5
conftest.c: In function 'main':
conftest.c:74: warning: implicit declaration of function 'strcmp'
configure:18258: $? = 0
configure:18264: ./conftest
./configure: line 18266:  4004 Aborted                 (core dumped) ./conftest$ac_exeext
configure:18268: $? = 134
configure: program exited with status 134
configure: failed program was:
| /* confdefs.h.  */
| #define PACKAGE_NAME "MPFR"
| #define PACKAGE_TARNAME "mpfr"
| #define PACKAGE_VERSION "3.0.0"
| #define PACKAGE_STRING "MPFR 3.0.0"
| #define PACKAGE_BUGREPORT ""
| #define PROTOTYPES 1
| #define __PROTOTYPES 1
| #define STDC_HEADERS 1
| #define HAVE_SYS_TYPES_H 1
| #define HAVE_SYS_STAT_H 1
| #define HAVE_STDLIB_H 1
| #define HAVE_STRING_H 1
| #define HAVE_MEMORY_H 1
| #define HAVE_STRINGS_H 1
| #define HAVE_INTTYPES_H 1
| #define HAVE_STDINT_H 1
| #define HAVE_UNISTD_H 1
| #define HAVE_STRING_H 1
| #define TIME_WITH_SYS_TIME 1
| #define HAVE_LOCALE_H 1
| #define HAVE_WCHAR_H 1
| #define HAVE_STDARG 1
| #define HAVE_SYS_TIME_H 1
| #define HAVE_ALLOCA_H 1
| #define HAVE_ALLOCA 1
| #define HAVE_STDINT_H 1
| #define HAVE_VA_COPY 1
| #define HAVE_MEMMOVE 1
| #define HAVE_MEMSET 1
| #define HAVE_SETLOCALE 1
| #define HAVE_STRTOL 1
| #define HAVE_GETTIMEOFDAY 1
| #define HAVE_LONG_LONG 1
| #define HAVE_INTMAX_T 1
| #define MPFR_HAVE_INTMAX_MAX 1
| #define MPFR_HAVE_FESETROUND 1
| #define HAVE_DENORMS 1
| #define HAVE_ROUND 1
| #define HAVE_TRUNC 1
| #define HAVE_FLOOR 1
| #define HAVE_CEIL 1
| #define HAVE_NEARBYINT 1
| #define HAVE_LONG_DOUBLE 1
| #define HAVE_LDOUBLE_IEEE_EXT_LITTLE 1
| #define HAVE_DLFCN_H 1
| #define LT_OBJDIR ".libs/"
| #define HAVE_ATTRIBUTE_MODE 1
| #define NPRINTF_J 1
| #define NPRINTF_HH 1
| #define NPRINTF_LL 1
| #define NPRINTF_L 1
| /* end confdefs.h.  */
| 
| #include <stdio.h>
| 
| #if defined (__cplusplus)
| #include <cstddef>
| #else
| #include <stddef.h>
| #endif
| #include "gmp.h"
| 
| #include <gmp.h>
| 
| int
| main ()
| {
| 
|   char s[256];
|   ptrdiff_t a = 17;
| 
|   if (gmp_sprintf (s, "(%0.0td)(%d)", a, 42) == -1) return 1;
|   return (strcmp (s, "(17)(42)") != 0);
| 
|   ;
|   return 0;
| }
configure:18279: result: no
configure:18514: creating ./config.status

## ---------------- ##
## Cache variables. ##
## ---------------- ##

ac_cv_build=x86_64-unknown-linux-gnu
ac_cv_c_compiler_gnu=yes
ac_cv_c_const=yes
ac_cv_c_volatile=yes
ac_cv_env_CC_set=
ac_cv_env_CC_value=
ac_cv_env_CFLAGS_set=
ac_cv_env_CFLAGS_value=
ac_cv_env_CPPFLAGS_set=
ac_cv_env_CPPFLAGS_value=
ac_cv_env_CPP_set=
ac_cv_env_CPP_value=
ac_cv_env_LDFLAGS_set=
ac_cv_env_LDFLAGS_value=
ac_cv_env_LIBS_set=
ac_cv_env_LIBS_value=
ac_cv_env_build_alias_set=
ac_cv_env_build_alias_value=
ac_cv_env_host_alias_set=
ac_cv_env_host_alias_value=
ac_cv_env_target_alias_set=
ac_cv_env_target_alias_value=
ac_cv_func_alloca_works=yes
ac_cv_func_gettimeofday=yes
ac_cv_func_memmove=yes
ac_cv_func_memset=yes
ac_cv_func_setlocale=yes
ac_cv_func_strtol=yes
ac_cv_header_dlfcn_h=yes
ac_cv_header_float_h=yes
ac_cv_header_inttypes_h=yes
ac_cv_header_limits_h=yes
ac_cv_header_locale_h=yes
ac_cv_header_memory_h=yes
ac_cv_header_stdarg_h=yes
ac_cv_header_stdc=yes
ac_cv_header_stdint_h=yes
ac_cv_header_stdlib_h=yes
ac_cv_header_string_h=yes
ac_cv_header_strings_h=yes
ac_cv_header_sys_fpu_h=no
ac_cv_header_sys_stat_h=yes
ac_cv_header_sys_time_h=yes
ac_cv_header_sys_types_h=yes
ac_cv_header_time=yes
ac_cv_header_unistd_h=yes
ac_cv_header_wchar_h=yes
ac_cv_host=x86_64-unknown-linux-gnu
ac_cv_lib_gmp___gmpz_init=yes
ac_cv_lib_m_main=yes
ac_cv_objext=o
ac_cv_path_EGREP='/bin/grep -E'
ac_cv_path_FGREP='/bin/grep -F'
ac_cv_path_GREP=/bin/grep
ac_cv_path_SED=/bin/sed
ac_cv_path_install='/usr/bin/install -c'
ac_cv_path_mkdir=/bin/mkdir
ac_cv_prog_AWK=gawk
ac_cv_prog_CPP='gcc -std=gnu99 -E'
ac_cv_prog_ac_ct_AR=ar
ac_cv_prog_ac_ct_CC='gcc -std=gnu99'
ac_cv_prog_ac_ct_OBJDUMP=objdump
ac_cv_prog_ac_ct_RANLIB=ranlib
ac_cv_prog_ac_ct_STRIP=strip
ac_cv_prog_cc_c89=
ac_cv_prog_cc_g=yes
ac_cv_prog_cc_gcc_c_o=yes
ac_cv_prog_make_make_set=yes
ac_cv_type_intmax_t=yes
ac_cv_type_long_double=yes
ac_cv_type_long_long_int=yes
ac_cv_type_union_fpc_csr=no
ac_cv_working_alloca_h=yes
am_cv_CC_dependencies_compiler_type=gcc3
gl_cv_size_max=yes
gmp_cv_c_attribute_mode=yes
lt_cv_deplibs_check_method=pass_all
lt_cv_file_magic_cmd='$MAGIC_CMD'
lt_cv_file_magic_test_file=
lt_cv_ld_reload_flag=-r
lt_cv_nm_interface='BSD nm'
lt_cv_objdir=.libs
lt_cv_path_LD=/usr/bin/ld
lt_cv_path_NM='/usr/bin/nm -B'
lt_cv_prog_compiler_c_o=yes
lt_cv_prog_compiler_pic_works=yes
lt_cv_prog_compiler_rtti_exceptions=no
lt_cv_prog_compiler_static_works=yes
lt_cv_prog_gnu_ld=yes
lt_cv_sys_global_symbol_pipe='sed -n -e '\''s/^.*[	 ]\([ABCDGIRSTW][ABCDGIRSTW]*\)[	 ][	 ]*\([_A-Za-z][_A-Za-z0-9]*\)$/\1 \2 \2/p'\'''
lt_cv_sys_global_symbol_to_c_name_address='sed -n -e '\''s/^: \([^ ]*\) $/  {\"\1\", (void *) 0},/p'\'' -e '\''s/^[ABCDGIRSTW]* \([^ ]*\) \([^ ]*\)$/  {"\2", (void *) \&\2},/p'\'''
lt_cv_sys_global_symbol_to_c_name_address_lib_prefix='sed -n -e '\''s/^: \([^ ]*\) $/  {\"\1\", (void *) 0},/p'\'' -e '\''s/^[ABCDGIRSTW]* \([^ ]*\) \(lib[^ ]*\)$/  {"\2", (void *) \&\2},/p'\'' -e '\''s/^[ABCDGIRSTW]* \([^ ]*\) \([^ ]*\)$/  {"lib\2", (void *) \&\2},/p'\'''
lt_cv_sys_global_symbol_to_cdecl='sed -n -e '\''s/^T .* \(.*\)$/extern int \1();/p'\'' -e '\''s/^[ABCDGIRSTW]* .* \(.*\)$/extern char \1;/p'\'''
lt_cv_sys_max_cmd_len=1966080
mpfr_cv_c_long_double_format='IEEE extended, little endian'
mpfr_cv_gcc_floatconv_bug=no
mpfr_cv_have_denorms=yes
mpfr_cv_have_fesetround=yes
mpfr_cv_have_intmax_max=yes
mpfr_cv_nanisnan=no

## ----------------- ##
## Output variables. ##
## ----------------- ##

ACLOCAL='${SHELL} /home/shijia/Public/FpDebug-valgrind_3.12/mpfr/mpfr-3.0.0/missing --run aclocal-1.11'
ALLOCA=''
AMDEPBACKSLASH='\'
AMDEP_FALSE='#'
AMDEP_TRUE=''
AMTAR='${SHELL} /home/shijia/Public/FpDebug-valgrind_3.12/mpfr/mpfr-3.0.0/missing --run tar'
ANSI2KNR=''
AR='ar'
AS='as'
AUTOCONF='${SHELL} /home/shijia/Public/FpDebug-valgrind_3.12/mpfr/mpfr-3.0.0/missing --run autoconf'
AUTOHEADER='${SHELL} /home/shijia/Public/FpDebug-valgrind_3.12/mpfr/mpfr-3.0.0/missing --run autoheader'
AUTOMAKE='${SHELL} /home/shijia/Public/FpDebug-valgrind_3.12/mpfr/mpfr-3.0.0/missing --run automake-1.11'
AWK='gawk'
CC='gcc -std=gnu99'
CCDEPMODE='depmode=gcc3'
CFLAGS='-Wall -Wmissing-prototypes -Wpointer-arith -O2 -pedantic -fno-stack-protector -m64 -mtune=k8 -march=k8'
CPP='gcc -std=gnu99 -E'
CPPFLAGS=' -I/home/shijia/Public/FpDebug-valgrind_3.12/gmp/gmp-5.0.1/install/include'
CYGPATH_W='echo'
DEFS='-DHAVE_INTTYPES_H=1 -DHAVE_STDINT_H=1 -DTIME_WITH_SYS_TIME=1 -DHAVE_LOCALE_H=1 -DHAVE_WCHAR_H=1 -DHAVE_STDARG=1 -DHAVE_SYS_TIME_H=1 -DHAVE_ALLOCA_H=1 -DHAVE_STDINT_H=1 -DHAVE_VA_COPY=1 -DHAVE_SETLOCALE=1 -DHAVE_GETTIMEOFDAY=1 -DHAVE_LONG_LONG=1 -DHAVE_INTMAX_T=1 -DMPFR_HAVE_INTMAX_MAX=1 -DMPFR_HAVE_FESETROUND=1 -DHAVE_DENORMS=1 -DHAVE_ROUND=1 -DHAVE_TRUNC=1 -DHAVE_FLOOR=1 -DHAVE_CEIL=1 -DHAVE_NEARBYINT=1 -DHAVE_LDOUBLE_IEEE_EXT_LITTLE=1 -DLT_OBJDIR=\".libs/\" -DHAVE_ATTRIBUTE_MODE=1 -DNPRINTF_J=1 -DNPRINTF_HH=1 -DNPRINTF_LL=1 -DNPRINTF_L=1 -DNPRINTF_T=1'
DEPDIR='.deps'
DLLTOOL='dlltool'
DSYMUTIL=''
DUMPBIN=''
ECHO_C=''
ECHO_N='-n'
ECHO_T=''
EGREP='/bin/grep -E'
EXEEXT=''
FGREP='/bin/grep -F'
GREP='/bin/grep'
INSTALL_DATA='${INSTALL} -m 644'
INSTALL_PROGRAM='${INSTALL}'
INSTALL_SCRIPT='${INSTALL}'
INSTALL_STRIP_PROGRAM='$(install_sh) -c -s'
LD='/usr/bin/ld -m elf_x86_64'
LDFLAGS=' -L/home/shijia/Public/FpDebug-valgrind_3.12/gmp/gmp-5.0.1/install/lib'
LIBOBJS=''
LIBS='-lgmp '
LIBTOOL='$(SHELL) $(top_builddir)/libtool'
LIPO=''
LN_S='ln -s'
LTLIBOBJS=''
MAINT=''
MAINTAINER_MODE_FALSE='#'
MAINTAINER_MODE_TRUE=''
MAKEINFO='${SHELL} /home/shijia/Public/FpDebug-valgrind_3.12/mpfr/mpfr-3.0.0/missing --run makeinfo'
MKDIR_P='/bin/mkdir -p'
MPFR_LIBM='-lm'
NM='/usr/bin/nm -B'
NMEDIT=''
OBJDUMP='objdump'
OBJEXT='o'
OTOOL64=''
OTOOL=''
PACKAGE='mpfr'
PACKAGE_BUGREPORT=''
PACKAGE_NAME='MPFR'
PACKAGE_STRING='MPFR 3.0.0'
PACKAGE_TARNAME='mpfr'
PACKAGE_VERSION='3.0.0'
PATH_SEPARATOR=':'
RANLIB='ranlib'
SED='/bin/sed'
SET_MAKE=''
SHELL='/bin/sh'
STRIP='strip'
U=''
VERSION='3.0.0'
ac_ct_CC='gcc -std=gnu99'
ac_ct_DUMPBIN=''
am__EXEEXT_FALSE=''
am__EXEEXT_TRUE='#'
am__fastdepCC_FALSE='#'
am__fastdepCC_TRUE=''
am__include='include'
am__isrc=''
am__leading_dot='.'
am__quote=''
am__tar='${AMTAR} chof - "$$tardir"'
am__untar='${AMTAR} xf -'
bindir='${exec_prefix}/bin'
build='x86_64-unknown-linux-gnu'
build_alias=''
build_cpu='x86_64'
build_os='linux-gnu'
build_vendor='unknown'
datadir='${datarootdir}'
datarootdir='${prefix}/share'
docdir='${datarootdir}/doc/${PACKAGE_TARNAME}'
dvidir='${docdir}'
exec_prefix='${prefix}'
host='x86_64-unknown-linux-gnu'
host_alias=''
host_cpu='x86_64'
host_os='linux-gnu'
host_vendor='unknown'
htmldir='${docdir}'
includedir='${prefix}/include'
infodir='${datarootdir}/info'
install_sh='${SHELL} /home/shijia/Public/FpDebug-valgrind_3.12/mpfr/mpfr-3.0.0/install-sh'
libdir='${exec_prefix}/lib'
libexecdir='${exec_prefix}/libexec'
localedir='${datarootdir}/locale'
localstatedir='${prefix}/var'
lt_ECHO='echo'
mandir='${datarootdir}/man'
mkdir_p='/bin/mkdir -p'
oldincludedir='/usr/include'
pdfdir='${docdir}'
prefix='/home/shijia/Public/FpDebug-valgrind_3.12/mpfr/mpfr-3.0.0/install'
program_transform_name='s,x,x,'
psdir='${docdir}'
sbindir='${exec_prefix}/sbin'
sharedstatedir='${prefix}/com'
sysconfdir='${prefix}/etc'
target_alias=''

## ----------- ##
## confdefs.h. ##
## ----------- ##

#define HAVE_INTTYPES_H 1
#define HAVE_STDINT_H 1
#define TIME_WITH_SYS_TIME 1
#define HAVE_LOCALE_H 1
#define HAVE_WCHAR_H 1
#define HAVE_STDARG 1
#define HAVE_SYS_TIME_H 1
#define HAVE_ALLOCA_H 1
#define HAVE_STDINT_H 1
#define HAVE_VA_COPY 1
#define HAVE_SETLOCALE 1
#define HAVE_GETTIMEOFDAY 1
#define HAVE_LONG_LONG 1
#define HAVE_INTMAX_T 1
#define MPFR_HAVE_INTMAX_MAX 1
#define MPFR_HAVE_FESETROUND 1
#define HAVE_DENORMS 1
#define HAVE_ROUND 1
#define HAVE_TRUNC 1
#define HAVE_FLOOR 1
#define HAVE_CEIL 1
#define HAVE_NEARBYINT 1
#define HAVE_LDOUBLE_IEEE_EXT_LITTLE 1
#define LT_OBJDIR ".libs/"
#define HAVE_ATTRIBUTE_MODE 1
#define NPRINTF_J 1
#define NPRINTF_HH 1
#define NPRINTF_LL 1
#define NPRINTF_L 1
#define NPRINTF_T 1

configure: exit 0

## ---------------------- ##
## Running config.status. ##
## ---------------------- ##

This file was extended by MPFR config.status 3.0.0, which was
generated by GNU Autoconf 2.63.  Invocation command line was

  CONFIG_FILES    = 
  CONFIG_HEADERS  = 
  CONFIG_LINKS    = 
  CONFIG_COMMANDS = 
  $ ./config.status 

on node04

config.status:917: creating Makefile
config.status:917: creating tests/Makefile
config.status:917: creating mparam.h
config.status:1128: executing depfiles commands
config.status:1128: executing libtool commands
